
GET / 18.12.2021_11:01:51 200
GET /1 18.12.2021_11:17:54 200
GET /1 18.12.2021_11:18:40 200
GET /2 18.12.2021_11:18:44 200
GET /1 18.12.2021_11:18:52 200
GET /12 18.12.2021_11:23:51 200
GET /2 18.12.2021_11:28:03 200
GET /2 18.12.2021_11:29:20 200
GET /2 18.12.2021_11:30:29 200
GET /2 18.12.2021_11:31:10 200
GET /2 18.12.2021_11:31:27 200
GET /1 18.12.2021_11:31:39 200
GET /1 18.12.2021_11:32:11 200
GET /1 18.12.2021_11:33:06 200
GET / 18.12.2021_11:33:43 200
GET /1 18.12.2021_11:33:49 200
GET /2 18.12.2021_11:34:03 200
GET /15 18.12.2021_11:34:05 200
GET / 18.12.2021_11:37:22 200
GET / 18.12.2021_11:37:44 200
GET / 18.12.2021_11:37:46 200
GET / 18.12.2021_11:37:51 200
GET / 18.12.2021_11:40:56 200
GET / 18.12.2021_11:42:28 200
GET / 18.12.2021_11:42:47 200
GET / 18.12.2021_11:47:16 200
GET / 18.12.2021_11:47:39 200
GET / 18.12.2021_11:47:49 200
GET / 18.12.2021_11:47:51 200
GET / 18.12.2021_11:48:59 200
GET / 18.12.2021_11:49:03 200
GET / 18.12.2021_11:49:10 200
GET / 18.12.2021_11:49:25 200
GET / 18.12.2021_11:51:36 200
GET /2 18.12.2021_11:51:39 200
GET /2 18.12.2021_11:51:46 200
GET /20 18.12.2021_11:52:17 200
GET /20 18.12.2021_11:52:21 200
GET /20 18.12.2021_11:52:24 200
GET /20 18.12.2021_11:52:58 200
GET /2 18.12.2021_11:53:00 200
GET /2 18.12.2021_11:53:07 200
GET /2 18.12.2021_11:54:54 200
GET /2 18.12.2021_11:55:23 200
GET /2 18.12.2021_11:56:05 200
GET /2 18.12.2021_11:56:09 200
GET /2 19.12.2021_12:02:13 200
GET /2 19.12.2021_12:02:17 200
GET /2 19.12.2021_12:04:27 200
GET /?2 19.12.2021_12:04:36 200
GET /?2 19.12.2021_12:04:48 200
GET /?id=2 19.12.2021_12:06:04 200
GET /?id=2 19.12.2021_12:06:25 200
GET / 19.12.2021_12:08:00 200
GET / 19.12.2021_12:09:08 200
GET /?id=2 19.12.2021_12:09:38 200
GET / 19.12.2021_12:09:41 200
GET /?id=2 19.12.2021_12:09:56 200
GET /2 19.12.2021_12:16:05 200
GET / 19.12.2021_12:17:18 200
GET / 19.12.2021_12:18:18 200
GET /2 19.12.2021_12:18:43 200
GET /2 19.12.2021_12:19:09 200
GET /2 19.12.2021_12:19:42 200
GET /2 19.12.2021_12:20:13 200
GET /2 19.12.2021_12:20:23 200
GET /20 19.12.2021_12:20:29 200
GET /20 19.12.2021_12:20:43 200
GET /2 19.12.2021_12:20:53 200
GET /2 19.12.2021_12:21:03 200
GET /2 19.12.2021_12:21:15 200
GET / 19.12.2021_12:21:24 200
GET / 19.12.2021_12:23:12 200
DELETE /2 19.12.2021_12:23:18 200
DELETE /2 19.12.2021_12:23:35 200
GET / 19.12.2021_12:29:44 200
GET / 19.12.2021_12:29:59 200
GET / 19.12.2021_12:30:09 200
GET / 19.12.2021_02:46:35 200
GET / 19.12.2021_02:46:40 200
GET / 19.12.2021_02:49:32 200
GET / 19.12.2021_02:49:47 200
GET / 19.12.2021_02:49:50 200
GET / 19.12.2021_02:51:11 200
GET / 19.12.2021_02:51:36 200
GET / 19.12.2021_02:51:51 200
GET / 19.12.2021_02:52:21 200
GET / 19.12.2021_02:52:26 200
GET / 19.12.2021_02:52:30 200
GET /2 19.12.2021_02:56:28 200
GET /2 19.12.2021_02:57:37 200
GET /2 19.12.2021_02:58:23 200
GET /2 19.12.2021_02:58:47 200
GET /2 19.12.2021_02:59:13 200
GET /2 19.12.2021_03:01:53 200
GET /2 19.12.2021_03:03:26 200
GET /20 19.12.2021_03:03:47 200
GET /20 19.12.2021_03:05:30 200
DELETE /2 19.12.2021_03:12:55 200
DELETE /2 19.12.2021_03:13:06 200
DELETE /2 19.12.2021_03:13:08 200
GET / 19.12.2021_03:13:28 200
GET /3 19.12.2021_03:13:45 200
GET / 19.12.2021_03:15:48 200
GET /3 19.12.2021_03:15:53 200
GET /4 19.12.2021_03:15:57 200
GET /4 19.12.2021_03:16:47 200
GET / 19.12.2021_03:17:16 200
GET / 19.12.2021_03:17:27 200
GET / 19.12.2021_03:17:34 200
GET /3 19.12.2021_03:17:40 200
GET / 19.12.2021_03:17:45 200
GET /3 19.12.2021_03:37:06 200
GET /3 19.12.2021_03:37:14 200
GET / 19.12.2021_03:37:19 200
GET /3 19.12.2021_03:37:23 200
GET /3 19.12.2021_03:37:26 200
GET / 19.12.2021_03:37:38 200
GET /3 19.12.2021_03:37:47 200
GET /3 19.12.2021_03:38:12 200
GET /3 19.12.2021_03:38:15 200
GET /3 19.12.2021_03:38:48 200
GET /3 19.12.2021_03:39:04 200
GET /3 19.12.2021_03:39:18 200
GET /3 19.12.2021_03:39:19 200
GET /3 19.12.2021_03:39:53 200
POST / 19.12.2021_03:53:13 200
POST / 19.12.2021_03:53:32 200
POST / 19.12.2021_03:55:16 200
POST / 19.12.2021_03:58:07 200
POST / 19.12.2021_04:20:19 200
GET /706494c6-1cf7-4bd6-9454-a240dbc67e04 19.12.2021_04:22:16 200
GET /706494c6-1cf7-4bd6-9454-a240dbc67e04 19.12.2021_04:23:47 200
GET /706494c6-1cf7-4bd6-9454-a240dbc67e04 19.12.2021_04:23:57 200
PUT /706494c6-1cf7-4bd6-9454-a240dbc67e04 19.12.2021_04:30:09 200
PUT /3 19.12.2021_04:30:26 200
PUT /3 19.12.2021_04:30:37 200
PUT / 19.12.2021_04:30:54 200
GET / 19.12.2021_04:31:01 200
POST / 19.12.2021_04:31:33 200
POST / 19.12.2021_04:31:39 200
GET / 19.12.2021_04:31:48 200
PUT / 19.12.2021_04:32:29 200
PUT /9d79969b-32a0-4e75-a128-bed9f4750477 19.12.2021_04:32:54 200
PUT /9d79969b-32a0-4e75-a128-bed9f4750477 19.12.2021_04:33:11 200
GET /1 19.12.2021_04:33:50 200
DELETE /1 19.12.2021_04:40:48 200
DELETE /1 19.12.2021_04:40:56 200
DELETE /9d79969b-32a0-4e75-a128-bed9f4750477 19.12.2021_04:44:38 200
DELETE /9d79969b-32a0-4e75-a128-bed9f4750477 19.12.2021_04:45:08 200
GET /706494c6-1cf7-4bd6-9454-a240dbc67e04 19.12.2021_04:46:02 200
GET /706494c6-1cf7-4bd6-9454-a240dbc67e04 19.12.2021_04:46:27 200
GET /706494c6-1cf7-4bd6-9454-a240dbc67e04 19.12.2021_04:46:41 200
GET /1 19.12.2021_04:47:20 200
GET /3 19.12.2021_04:47:23 200
GET /3 19.12.2021_04:48:51 200
GET /3 19.12.2021_04:49:42 200
GET /3 19.12.2021_04:50:04 200
GET /3 19.12.2021_04:52:13 200
GET /1 19.12.2021_11:50:50 200
GET /1 19.12.2021_11:51:24 200
GET / 19.12.2021_11:51:40 200
GET /1 19.12.2021_11:51:43 200
GET /2 20.12.2021_02:54:08 200
GET /1 20.12.2021_02:54:12 200
GET /1 20.12.2021_02:54:41 200
GET /1 20.12.2021_02:55:09 200
GET /3 20.12.2021_02:56:47 200
GET /3 20.12.2021_02:57:20 200